0 info it worked if it ends with ok
1 verbose cli [ '/usr/bin/nodejs',
1 verbose cli   '/usr/bin/npm',
1 verbose cli   'install',
1 verbose cli   '-g',
1 verbose cli   'bower-installer' ]
2 info using npm@1.3.10
3 info using node@v0.10.25
4 verbose cache add [ 'bower-installer', null ]
5 verbose cache add name=undefined spec="bower-installer" args=["bower-installer",null]
6 verbose parsed url { protocol: null,
6 verbose parsed url   slashes: null,
6 verbose parsed url   auth: null,
6 verbose parsed url   host: null,
6 verbose parsed url   port: null,
6 verbose parsed url   hostname: null,
6 verbose parsed url   hash: null,
6 verbose parsed url   search: null,
6 verbose parsed url   query: null,
6 verbose parsed url   pathname: 'bower-installer',
6 verbose parsed url   path: 'bower-installer',
6 verbose parsed url   href: 'bower-installer' }
7 silly lockFile e75a97de-bower-installer bower-installer
8 verbose lock bower-installer /home/bridgeit/.npm/e75a97de-bower-installer.lock
9 silly lockFile e75a97de-bower-installer bower-installer
10 silly lockFile e75a97de-bower-installer bower-installer
11 verbose addNamed [ 'bower-installer', '' ]
12 verbose addNamed [ null, '*' ]
13 silly lockFile 8dda27d5-bower-installer bower-installer@
14 verbose lock bower-installer@ /home/bridgeit/.npm/8dda27d5-bower-installer.lock
15 silly addNameRange { name: 'bower-installer', range: '*', hasData: false }
16 verbose url raw bower-installer
17 verbose url resolving [ 'https://registry.npmjs.org/', './bower-installer' ]
18 verbose url resolved https://registry.npmjs.org/bower-installer
19 info trying registry request attempt 1 at 15:54:42
20 verbose etag "1XKQV5LMY8OTCVHPRVU579AGY"
21 http GET https://registry.npmjs.org/bower-installer
22 http 304 https://registry.npmjs.org/bower-installer
23 silly registry.get cb [ 304,
23 silly registry.get   { date: 'Fri, 08 Jul 2016 10:23:15 GMT',
23 silly registry.get     via: '1.1 varnish',
23 silly registry.get     'cache-control': 'max-age=300',
23 silly registry.get     etag: '"1XKQV5LMY8OTCVHPRVU579AGY"',
23 silly registry.get     age: '0',
23 silly registry.get     connection: 'keep-alive',
23 silly registry.get     'x-served-by': 'cache-sin6921-SIN',
23 silly registry.get     'x-cache': 'MISS',
23 silly registry.get     'x-cache-hits': '0',
23 silly registry.get     'x-timer': 'S1467973395.538757,VS0,VE242',
23 silly registry.get     vary: 'Accept-Encoding' } ]
24 verbose etag bower-installer from cache
25 silly addNameRange number 2 { name: 'bower-installer', range: '*', hasData: true }
26 silly addNameRange versions [ 'bower-installer',
26 silly addNameRange   [ '0.0.3',
26 silly addNameRange     '0.0.4',
26 silly addNameRange     '0.0.5',
26 silly addNameRange     '0.0.6',
26 silly addNameRange     '0.0.7',
26 silly addNameRange     '0.0.8',
26 silly addNameRange     '0.0.9',
26 silly addNameRange     '0.0.10',
26 silly addNameRange     '0.0.11',
26 silly addNameRange     '0.1.0',
26 silly addNameRange     '0.1.2',
26 silly addNameRange     '0.2.0',
26 silly addNameRange     '0.2.1',
26 silly addNameRange     '0.2.2',
26 silly addNameRange     '0.3.0',
26 silly addNameRange     '0.4.0',
26 silly addNameRange     '0.4.1',
26 silly addNameRange     '0.4.2',
26 silly addNameRange     '0.4.3',
26 silly addNameRange     '0.4.4',
26 silly addNameRange     '0.4.5',
26 silly addNameRange     '0.5.0',
26 silly addNameRange     '0.6.0',
26 silly addNameRange     '0.6.1',
26 silly addNameRange     '0.6.2',
26 silly addNameRange     '0.7.0',
26 silly addNameRange     '0.7.1',
26 silly addNameRange     '0.8.0',
26 silly addNameRange     '0.8.1',
26 silly addNameRange     '0.8.2',
26 silly addNameRange     '0.8.3',
26 silly addNameRange     '0.8.4',
26 silly addNameRange     '1.0.0',
26 silly addNameRange     '1.1.0',
26 silly addNameRange     '1.2.0' ] ]
27 verbose addNamed [ 'bower-installer', '1.2.0' ]
28 verbose addNamed [ '1.2.0', '1.2.0' ]
29 silly lockFile 1db859bc-bower-installer-1-2-0 bower-installer@1.2.0
30 verbose lock bower-installer@1.2.0 /home/bridgeit/.npm/1db859bc-bower-installer-1-2-0.lock
31 silly lockFile 1db859bc-bower-installer-1-2-0 bower-installer@1.2.0
32 silly lockFile 1db859bc-bower-installer-1-2-0 bower-installer@1.2.0
33 silly lockFile 8dda27d5-bower-installer bower-installer@
34 silly lockFile 8dda27d5-bower-installer bower-installer@
35 silly resolved [ { name: 'bower-installer',
35 silly resolved     version: '1.2.0',
35 silly resolved     preferGlobal: 'true',
35 silly resolved     description: 'Tool for installing bower dependencies that won\'t include entire repos',
35 silly resolved     main: 'bower-installer.js',
35 silly resolved     dependencies:
35 silly resolved      { 'node-fs': '~0.1.7',
35 silly resolved        bower: '~1.3.8',
35 silly resolved        colors: '~0.6.0-1',
35 silly resolved        lodash: '~0.9.1',
35 silly resolved        glob: '~3.2.7',
35 silly resolved        nopt: '~2.1.2',
35 silly resolved        async: '~0.2.9',
35 silly resolved        mkdirp: '~0.3.5' },
35 silly resolved     engines: { node: '>=0.10.0' },
35 silly resolved     devDependencies:
35 silly resolved      { grunt: '~0.4.2',
35 silly resolved        'grunt-jasmine-node': '0.2.1',
35 silly resolved        async: '~0.2.9',
35 silly resolved        rimraf: '~2.2.2' },
35 silly resolved     scripts: { test: 'grunt' },
35 silly resolved     repository:
35 silly resolved      { type: 'git',
35 silly resolved        url: 'https://github.com/blittle/bower-installer' },
35 silly resolved     keywords: [ 'bower', 'install', 'dependencies' ],
35 silly resolved     author: { name: 'Bret Little' },
35 silly resolved     license: 'BSD',
35 silly resolved     bin: { 'bower-installer': './bower-installer.js' },
35 silly resolved     readme: 'bower-installer\n===============\n\nTool for installing bower dependencies that won\'t include entire repos. Although Bower works great\nas a light-weight tool to quickly install browser dependencies, it currently does not provide much\nfunctionality for installing specific "built" components for the client.\n\n#Bower installs entire repositories\n\n```javascript\n{\n  "name" : "test",\n  "version": "0.1",\n  "dependencies" : {\n    "backbone" : "latest"\n  }\n}\n```\nIf `bower install` is run on this configuration file, the entire backbone repository will be pulled down\nand copied into a components directory. This repository is quite large, when probably only a built js and css\nfile are needed.  Bower conveniently provides the `bower list --paths` command to list the actual main files associated\nwith the components (if the component doesn\'t define a main, then the whole repository is listed instead).\n\n#Bower Installer\nBower installer provides an easy way for the main files to be installed or moved to one or more locations. Simply add to\nyour bower.json an `install` key and `path` attribute:\n\n```javascript\n{\n  "name" : "test",\n  "version": "0.1",\n  "dependencies" : {\n    "backbone" : "latest"\n  },\n  "install" : {\n    "path" : "some/path"\n  }\n}\n```\n\nInstall bower-installer by executing\n\n```bash\nnpm install -g bower-installer\n```\n\nFrom the terminal in the same directory as your bower.json file, enter:\n```bash\nbower-installer\n```\n\nAfter executing this, `backbone.js` will exist under `some/path` relative to the location of your\nbower.json file.\n\n#Overriding main files\nA lot of registered components for bower do not include bower.json configuration. Therefore, bower does not know\nabout any "main files" and therefore, by default bower-installer doesn\'t know about them either. Bower-installer\ncan override an existing main file path or provide a non-existant one:\n\n```javascript\n{\n  "name" : "test",\n  "version": "0.1",\n  "dependencies" : {\n    "backbone" : "latest",\n    "requirejs" : "latest"\n  },\n  "install" : {\n    "path" : "some/path",\n    "sources" : {\n      "requirejs" : "components/requirejs/require.js"\n    }\n  }\n}\n```\nIf bower installer is run on this configuration, `require.js` and `backbone.js` will all appear under\n`some/path` relative to your bower.json file.\n\n#Install multiple main files\nFor one reason or another you may want to install multiple files from a single component. You can do this by providing\nan `Array` instead of a `String` inside the sources hash:\n\n```javascript\n{\n  "name" : "test",\n  "version": "0.1",\n  "dependencies" : {\n    "jquery-ui" : "latest"\n  },\n  "install" : {\n    "path" : "some/path",\n    "sources" : {\n      "jquery-ui" : [\n        "components/jquery-ui/ui/jquery-ui.custom.js",\n        "components/jquery-ui/themes/start/jquery-ui.css"\n      ]\n    }\n  }\n}\n```\n\n#Install files to multiple locations\nFiles can be installed to multiple locations based upon file type. Do so by modifying the `path` to be a map of file-type\n locations. Example:\n ```javascript\n{\n  "name" : "test",\n  "version": "0.1",\n  "dependencies" : {\n    "jquery-ui" : "latest"\n  },\n  "install" : {\n    "path" : {\n      "css": "src/css",\n      "js": "src/js"\n    },\n    "sources" : {\n      "jquery-ui" : [\n        "components/jquery-ui/ui/jquery-ui.custom.js",\n        "components/jquery-ui/themes/start/jquery-ui.css"\n      ]\n    }\n  }\n}\n```\n',
35 silly resolved     readmeFilename: 'README.md',
35 silly resolved     bugs: { url: 'https://github.com/blittle/bower-installer/issues' },
35 silly resolved     _id: 'bower-installer@1.2.0',
35 silly resolved     dist: { shasum: '37c85aed13e693f4d1347cf7dae5e9d68a40a28e' },
35 silly resolved     _from: 'bower-installer@',
35 silly resolved     _resolved: 'https://registry.npmjs.org/bower-installer/-/bower-installer-0.3.0.tgz' } ]
36 info install bower-installer@1.2.0 into /usr/local/lib
37 info installOne bower-installer@1.2.0
38 info /usr/local/lib/node_modules/bower-installer unbuild
39 verbose tar unpack /home/bridgeit/.npm/bower-installer/1.2.0/package.tgz
40 silly lockFile 8cdb7d17-lib-node-modules-bower-installer tar:///usr/local/lib/node_modules/bower-installer
41 verbose lock tar:///usr/local/lib/node_modules/bower-installer /home/bridgeit/.npm/8cdb7d17-lib-node-modules-bower-installer.lock
42 silly lockFile 23a4e0f1-ower-installer-1-2-0-package-tgz tar:///home/bridgeit/.npm/bower-installer/1.2.0/package.tgz
43 verbose lock tar:///home/bridgeit/.npm/bower-installer/1.2.0/package.tgz /home/bridgeit/.npm/23a4e0f1-ower-installer-1-2-0-package-tgz.lock
44 silly gunzTarPerm modes [ '755', '644' ]
45 error Error: EACCES, mkdir '/usr/local/lib/node_modules/bower-installer'
45 error  { [Error: EACCES, mkdir '/usr/local/lib/node_modules/bower-installer']
45 error   errno: 3,
45 error   code: 'EACCES',
45 error   path: '/usr/local/lib/node_modules/bower-installer',
45 error   fstream_type: 'Directory',
45 error   fstream_path: '/usr/local/lib/node_modules/bower-installer',
45 error   fstream_class: 'DirWriter',
45 error   fstream_stack:
45 error    [ '/usr/lib/nodejs/fstream/lib/dir-writer.js:36:23',
45 error      '/usr/lib/nodejs/mkdirp/index.js:37:53',
45 error      'Object.oncomplete (fs.js:107:15)' ] }
46 error Please try running this command again as root/Administrator.
47 error System Linux 4.2.0-41-generic
48 error command "/usr/bin/nodejs" "/usr/bin/npm" "install" "-g" "bower-installer"
49 error cwd /home/bridgeit/AngularJs
50 error node -v v0.10.25
51 error npm -v 1.3.10
52 error path /usr/local/lib/node_modules/bower-installer
53 error fstream_path /usr/local/lib/node_modules/bower-installer
54 error fstream_type Directory
55 error fstream_class DirWriter
56 error code EACCES
57 error errno 3
58 error stack Error: EACCES, mkdir '/usr/local/lib/node_modules/bower-installer'
59 error fstream_stack /usr/lib/nodejs/fstream/lib/dir-writer.js:36:23
59 error fstream_stack /usr/lib/nodejs/mkdirp/index.js:37:53
59 error fstream_stack Object.oncomplete (fs.js:107:15)
60 verbose exit [ 3, true ]
